<?xml version="1.0" encoding="UTF-8" ?>
<testsuite failures="0" time="0.052" errors="0" skipped="0" tests="9" name="com.kingsley.turing.TapeTest">
  <properties>
    <property name="java.runtime.name" value="Java(TM) SE Runtime Environment"/>
    <property name="sun.boot.library.path" value="c:\drive\java\jre\bin"/>
    <property name="java.vm.version" value="20.4-b02"/>
    <property name="java.vm.vendor" value="Sun Microsystems Inc."/>
    <property name="java.vendor.url" value="http://java.sun.com/"/>
    <property name="path.separator" value=";"/>
    <property name="java.vm.name" value="Java HotSpot(TM) Client VM"/>
    <property name="file.encoding.pkg" value="sun.io"/>
    <property name="user.country" value="UA"/>
    <property name="sun.java.launcher" value="SUN_STANDARD"/>
    <property name="sun.os.patch.level" value=""/>
    <property name="java.vm.specification.name" value="Java Virtual Machine Specification"/>
    <property name="user.dir" value="H:\projects\KinglseyRepository\TuringMachine\logic"/>
    <property name="java.runtime.version" value="1.6.0_29-b11"/>
    <property name="java.awt.graphicsenv" value="sun.awt.Win32GraphicsEnvironment"/>
    <property name="basedir" value="H:\projects\KinglseyRepository\TuringMachine\logic"/>
    <property name="java.endorsed.dirs" value="c:\drive\java\jre\lib\endorsed"/>
    <property name="os.arch" value="x86"/>
    <property name="surefire.real.class.path" value="H:\projects\KinglseyRepository\TuringMachine\logic\target\surefire\surefirebooter2168352939270720159.jar"/>
    <property name="java.io.tmpdir" value="C:\Users\OLEKSA~1\AppData\Local\Temp\"/>
    <property name="line.separator" value="
"/>
    <property name="java.vm.specification.vendor" value="Sun Microsystems Inc."/>
    <property name="user.variant" value=""/>
    <property name="os.name" value="Windows 7"/>
    <property name="sun.jnu.encoding" value="Cp1251"/>
    <property name="java.library.path" value="c:\drive\java\jre\bin;C:\Windows\Sun\Java\bin;C:\Windows\system32;C:\Windows;C:\Windows\system32;C:\Windows;C:\Windows\System32\Wbem;C:\Windows\System32\WindowsPowerShell\v1.0\;C:\Program Files\ATI Technologies\ATI.ACE\Core-Static;c:\drive\java\bin;C:\drive\jboss-6.1.0.Final\bin;H:\ATG\ATG2007.1\home;C:\drive\apache-maven-3.0.3\bin;C:\Program Files\clisp-2.49;C:\Program Files\SlikSvn\bin;."/>
    <property name="surefire.test.class.path" value="H:\projects\KinglseyRepository\TuringMachine\logic\target\test-classes;H:\projects\KinglseyRepository\TuringMachine\logic\target\classes;C:\Users\Oleksandr\.m2\repository\junit\junit\4.10\junit-4.10.jar;C:\Users\Oleksandr\.m2\repository\org\hamcrest\hamcrest-core\1.1\hamcrest-core-1.1.jar;C:\Users\Oleksandr\.m2\repository\org\mockito\mockito-core\1.8.5\mockito-core-1.8.5.jar;C:\Users\Oleksandr\.m2\repository\org\objenesis\objenesis\1.0\objenesis-1.0.jar;"/>
    <property name="java.specification.name" value="Java Platform API Specification"/>
    <property name="java.class.version" value="50.0"/>
    <property name="sun.management.compiler" value="HotSpot Client Compiler"/>
    <property name="os.version" value="6.1"/>
    <property name="user.home" value="C:\Users\Oleksandr"/>
    <property name="user.timezone" value=""/>
    <property name="java.awt.printerjob" value="sun.awt.windows.WPrinterJob"/>
    <property name="java.specification.version" value="1.6"/>
    <property name="file.encoding" value="Cp1251"/>
    <property name="user.name" value="Oleksandr"/>
    <property name="java.class.path" value="H:\projects\KinglseyRepository\TuringMachine\logic\target\test-classes;H:\projects\KinglseyRepository\TuringMachine\logic\target\classes;C:\Users\Oleksandr\.m2\repository\junit\junit\4.10\junit-4.10.jar;C:\Users\Oleksandr\.m2\repository\org\hamcrest\hamcrest-core\1.1\hamcrest-core-1.1.jar;C:\Users\Oleksandr\.m2\repository\org\mockito\mockito-core\1.8.5\mockito-core-1.8.5.jar;C:\Users\Oleksandr\.m2\repository\org\objenesis\objenesis\1.0\objenesis-1.0.jar;"/>
    <property name="java.vm.specification.version" value="1.0"/>
    <property name="sun.arch.data.model" value="32"/>
    <property name="java.home" value="c:\drive\java\jre"/>
    <property name="sun.java.command" value="H:\projects\KinglseyRepository\TuringMachine\logic\target\surefire\surefirebooter2168352939270720159.jar H:\projects\KinglseyRepository\TuringMachine\logic\target\surefire\surefire713602621251939812tmp H:\projects\KinglseyRepository\TuringMachine\logic\target\surefire\surefire6293794647738790190tmp"/>
    <property name="java.specification.vendor" value="Sun Microsystems Inc."/>
    <property name="user.language" value="uk"/>
    <property name="awt.toolkit" value="sun.awt.windows.WToolkit"/>
    <property name="java.vm.info" value="mixed mode, sharing"/>
    <property name="java.version" value="1.6.0_29"/>
    <property name="java.ext.dirs" value="c:\drive\java\jre\lib\ext;C:\Windows\Sun\Java\lib\ext"/>
    <property name="sun.boot.class.path" value="c:\drive\java\jre\lib\resources.jar;c:\drive\java\jre\lib\rt.jar;c:\drive\java\jre\lib\sunrsasign.jar;c:\drive\java\jre\lib\jsse.jar;c:\drive\java\jre\lib\jce.jar;c:\drive\java\jre\lib\charsets.jar;c:\drive\java\jre\lib\modules\jdk.boot.jar;c:\drive\java\jre\classes"/>
    <property name="java.vendor" value="Sun Microsystems Inc."/>
    <property name="localRepository" value="C:\Users\Oleksandr\.m2\repository"/>
    <property name="file.separator" value="\"/>
    <property name="java.vendor.url.bug" value="http://java.sun.com/cgi-bin/bugreport.cgi"/>
    <property name="sun.cpu.endian" value="little"/>
    <property name="sun.io.unicode.encoding" value="UnicodeLittle"/>
    <property name="sun.desktop" value="windows"/>
    <property name="sun.cpu.isalist" value=""/>
  </properties>
  <testcase time="0.002" classname="com.kingsley.turing.TapeTest" name="shouldMovePointerToFirstPositionAtStart"/>
  <testcase time="0.001" classname="com.kingsley.turing.TapeTest" name="shouldIterThroughtTapeToTheRight"/>
  <testcase time="0.001" classname="com.kingsley.turing.TapeTest" name="shouldIterThroughtTapeToTheLeftFromRightEnd"/>
  <testcase time="0" classname="com.kingsley.turing.TapeTest" name="shouldIterToTheLeftFromTheStart"/>
  <testcase time="0.001" classname="com.kingsley.turing.TapeTest" name="shouldIterIfChahgeDerivitive"/>
  <testcase time="0.001" classname="com.kingsley.turing.TapeTest" name="shouldSetCurrectSymblToJustAdded"/>
  <testcase time="0" classname="com.kingsley.turing.TapeTest" name="shouldIterCorrectlyToRightIfSettetNewSymbl"/>
  <testcase time="0" classname="com.kingsley.turing.TapeTest" name="shouldIterCorrectlyToLeftIfSettetNewalue"/>
  <testcase time="0.001" classname="com.kingsley.turing.TapeTest" name="shouldSetCorrectlyTwise"/>
</testsuite>